[23:06:50] [Client thread/INFO]: Setting user: Player406
[23:07:03] [Client thread/WARN]: Skipping bad option: lastServer:
[23:07:03] [Client thread/INFO]: LWJGL Version: 2.9.4
[23:07:05] [Client thread/INFO]: [STDOUT]: ---- Minecraft Crash Report ----
// This doesn't make any sense!

Time: 12/23/17 11:07 PM
Description: Loading screen debug info

This is just a prompt for computer specs to be printed. THIS IS NOT A ERROR


A detailed walkthrough of the error, its code path and all known details is as follows:
---------------------------------------------------------------------------------------

-- System Details --
Details:
	Minecraft Version: 1.11.2
	Operating System: Windows 7 (amd64) version 6.1
	Java Version: 1.8.0_25, Oracle Corporation
	Java VM Version: Java HotSpot(TM) 64-Bit Server VM (mixed mode), Oracle Corporation
	Memory: 859033696 bytes (819 MB) / 1056309248 bytes (1007 MB) up to 1056309248 bytes (1007 MB)
	JVM Flags: 3 total; -Xincgc -Xmx1024M -Xms1024M
	IntCache: cache: 0, tcache: 0, allocated: 0, tallocated: 0
	FML: 
	Loaded coremods (and transformers): 
	GL info: ' Vendor: 'Intel' Version: '3.1.0 - Build 9.17.10.4459' Renderer: 'Intel(R) HD Graphics'
[23:07:11] [Client thread/INFO]: Reloading ResourceManager: Default, FMLFileResourcePack:Forge Mod Loader, FMLFileResourcePack:Minecraft Forge, FMLFileResourcePack:RubyCraft
[23:07:18] [Sound Library Loader/INFO]: Starting up SoundSystem...
[23:07:18] [Thread-8/INFO]: Initializing LWJGL OpenAL
[23:07:18] [Thread-8/INFO]: (The LWJGL binding of OpenAL.  For more information, see http://www.lwjgl.org)
[23:07:18] [Thread-8/INFO]: OpenAL initialized.
[23:07:18] [Sound Library Loader/INFO]: Sound engine started
[23:07:27] [Client thread/INFO]: Created: 16x16 textures-atlas
[23:07:29] [Client thread/INFO]: Reloading ResourceManager: Default, FMLFileResourcePack:Forge Mod Loader, FMLFileResourcePack:Minecraft Forge, FMLFileResourcePack:RubyCraft
[23:07:33] [Client thread/INFO]: SoundSystem shutting down...
[23:07:33] [Client thread/WARN]: Author: Paul Lamb, www.paulscode.com
[23:07:33] [Sound Library Loader/INFO]: Starting up SoundSystem...
[23:07:33] [Thread-10/INFO]: Initializing LWJGL OpenAL
[23:07:33] [Thread-10/INFO]: (The LWJGL binding of OpenAL.  For more information, see http://www.lwjgl.org)
[23:07:33] [Thread-10/INFO]: OpenAL initialized.
[23:07:33] [Sound Library Loader/INFO]: Sound engine started
[23:07:41] [Client thread/INFO]: Created: 512x512 textures-atlas
[23:07:45] [Client thread/WARN]: Skipping bad option: lastServer:
[23:07:46] [Realms Notification Availability checker #1/INFO]: Could not authorize you against Realms server: Invalid session id
[23:07:49] [Server thread/INFO]: Starting integrated minecraft server version 1.11.2
[23:07:49] [Server thread/INFO]: Generating keypair
[23:07:50] [Server thread/INFO]: Preparing start region for level 0
[23:07:51] [Server thread/WARN]: Keeping entity minecraft:sheep that already exists with UUID 3b6e513b-9f25-43db-bb77-75bc4efe4916
[23:07:51] [Server thread/WARN]: Keeping entity minecraft:chicken that already exists with UUID c27623a3-7191-4b14-8030-3756edf88d52
[23:07:51] [Server thread/WARN]: Keeping entity minecraft:chicken that already exists with UUID ade30bcf-d0ab-4ef3-832b-3abd92e42602
[23:07:51] [Server thread/INFO]: Preparing spawn area: 50%
[23:07:52] [Server thread/INFO]: Changing view distance to 2, from 10
[23:07:54] [Server thread/INFO]: Player406[local:E:b26faf8a] logged in with entity id 94 at (358.5, 4.0, -919.5)
[23:07:54] [Server thread/INFO]: Player406 se ha unido a la partida
[23:07:55] [Client thread/INFO]: [CHAT] §7[§aRubyCraft§7] §6Player406 Cuidado esta es la DeveloperBuild §6puede ocurrir muchos bugs Version: §c1.4§c INDEV
[23:07:55] [Server thread/INFO]: Saving and pausing game...
[23:07:55] [Server thread/INFO]: Saving chunks for level 'Mundo nuevo'/Overworld
[23:07:56] [pool-2-thread-1/WARN]: Couldn't look up profile properties for com.mojang.authlib.GameProfile@c22f635[id=08e49200-0644-3742-931a-94fcbb560d07,name=Player406,properties={},legacy=false]
com.mojang.authlib.exceptions.AuthenticationException: The client has sent too many requests within a certain amount of time
	at com.mojang.authlib.yggdrasil.YggdrasilAuthenticationService.makeRequest(YggdrasilAuthenticationService.java:79) ~[YggdrasilAuthenticationService.class:?]
	at com.mojang.authlib.yggdrasil.YggdrasilMinecraftSessionService.fillGameProfile(YggdrasilMinecraftSessionService.java:180) [YggdrasilMinecraftSessionService.class:?]
	at com.mojang.authlib.yggdrasil.YggdrasilMinecraftSessionService$1.load(YggdrasilMinecraftSessionService.java:60) [YggdrasilMinecraftSessionService$1.class:?]
	at com.mojang.authlib.yggdrasil.YggdrasilMinecraftSessionService$1.load(YggdrasilMinecraftSessionService.java:57) [YggdrasilMinecraftSessionService$1.class:?]
	at com.google.common.cache.LocalCache$LoadingValueReference.loadFuture(LocalCache.java:3524) [guava-17.0.jar:?]
	at com.google.common.cache.LocalCache$Segment.loadSync(LocalCache.java:2317) [guava-17.0.jar:?]
	at com.google.common.cache.LocalCache$Segment.lockedGetOrLoad(LocalCache.java:2280) [guava-17.0.jar:?]
	at com.google.common.cache.LocalCache$Segment.get(LocalCache.java:2195) [guava-17.0.jar:?]
	at com.google.common.cache.LocalCache.get(LocalCache.java:3934) [guava-17.0.jar:?]
	at com.google.common.cache.LocalCache.getOrLoad(LocalCache.java:3938) [guava-17.0.jar:?]
	at com.google.common.cache.LocalCache$LocalLoadingCache.get(LocalCache.java:4821) [guava-17.0.jar:?]
	at com.google.common.cache.LocalCache$LocalLoadingCache.getUnchecked(LocalCache.java:4827) [guava-17.0.jar:?]
	at com.mojang.authlib.yggdrasil.YggdrasilMinecraftSessionService.fillProfileProperties(YggdrasilMinecraftSessionService.java:170) [YggdrasilMinecraftSessionService.class:?]
	at net.minecraft.client.Minecraft.getProfileProperties(Minecraft.java:3056) [Minecraft.class:?]
	at net.minecraft.client.resources.SkinManager$3.run(SkinManager.java:138) [SkinManager$3.class:?]
	at java.util.concurrent.Executors$RunnableAdapter.call(Executors.java:511) [?:1.8.0_25]
	at java.util.concurrent.FutureTask.run(FutureTask.java:266) [?:1.8.0_25]
	at java.util.concurrent.ThreadPoolExecutor.runWorker(ThreadPoolExecutor.java:1142) [?:1.8.0_25]
	at java.util.concurrent.ThreadPoolExecutor$Worker.run(ThreadPoolExecutor.java:617) [?:1.8.0_25]
	at java.lang.Thread.run(Thread.java:745) [?:1.8.0_25]
[23:07:56] [Server thread/INFO]: Saving chunks for level 'Mundo nuevo'/Nether
[23:07:56] [Server thread/INFO]: Saving chunks for level 'Mundo nuevo'/The End
[23:08:05] [Server thread/INFO]: Saving and pausing game...
[23:08:05] [Server thread/INFO]: Saving chunks for level 'Mundo nuevo'/Overworld
[23:08:05] [Server thread/INFO]: Saving chunks for level 'Mundo nuevo'/Nether
[23:08:05] [Server thread/INFO]: Saving chunks for level 'Mundo nuevo'/The End
[23:08:19] [Server thread/INFO]: Player406 ha conseguido el logro [Haciendo el inventario]
[23:08:19] [Client thread/INFO]: [CHAT] Player406 ha conseguido el logro [Haciendo el inventario]
[23:08:45] [Server thread/INFO]: Saving and pausing game...
[23:08:45] [Server thread/INFO]: Saving chunks for level 'Mundo nuevo'/Overworld
[23:08:45] [Server thread/INFO]: Saving chunks for level 'Mundo nuevo'/Nether
[23:08:45] [Server thread/INFO]: Saving chunks for level 'Mundo nuevo'/The End
[23:08:46] [Server thread/INFO]: Saving and pausing game...
[23:08:46] [Server thread/INFO]: Saving chunks for level 'Mundo nuevo'/Overworld
[23:08:46] [Server thread/INFO]: Saving chunks for level 'Mundo nuevo'/Nether
[23:08:46] [Server thread/INFO]: Saving chunks for level 'Mundo nuevo'/The End
[23:08:52] [Server thread/INFO]: Saving and pausing game...
[23:08:52] [Server thread/INFO]: Saving chunks for level 'Mundo nuevo'/Overworld
[23:08:52] [Server thread/INFO]: Saving chunks for level 'Mundo nuevo'/Nether
[23:08:52] [Server thread/INFO]: Saving chunks for level 'Mundo nuevo'/The End
[23:08:54] [Server thread/INFO]: Changing difficulty to PEACEFUL, from NORMAL
[23:09:00] [Server thread/INFO]: Saving and pausing game...
[23:09:00] [Server thread/INFO]: Saving chunks for level 'Mundo nuevo'/Overworld
[23:09:00] [Server thread/INFO]: Saving chunks for level 'Mundo nuevo'/Nether
[23:09:00] [Server thread/INFO]: Saving chunks for level 'Mundo nuevo'/The End
[23:09:09] [Server thread/INFO]: Saving and pausing game...
[23:09:09] [Server thread/INFO]: Saving chunks for level 'Mundo nuevo'/Overworld
[23:09:09] [Server thread/INFO]: Saving chunks for level 'Mundo nuevo'/Nether
[23:09:09] [Server thread/INFO]: Saving chunks for level 'Mundo nuevo'/The End
[23:09:26] [Server thread/INFO]: Saving and pausing game...
[23:09:26] [Server thread/INFO]: Saving chunks for level 'Mundo nuevo'/Overworld
[23:09:26] [Server thread/INFO]: Saving chunks for level 'Mundo nuevo'/Nether
[23:09:26] [Server thread/INFO]: Saving chunks for level 'Mundo nuevo'/The End
[23:09:26] [Server thread/INFO]: Stopping server
[23:09:26] [Server thread/INFO]: Saving players
[23:09:26] [Server thread/INFO]: Player406 lost connection: TextComponent{text='Disconnected', siblings=[], style=Style{hasParent=false, color=null, bold=null, italic=null, underlined=null, obfuscated=null, clickEvent=null, hoverEvent=null, insertion=null}}
[23:09:26] [Server thread/INFO]: Player406 ha abandonado la partida
[23:09:26] [Server thread/INFO]: Stopping singleplayer server as player logged out
[23:09:26] [Server thread/INFO]: Saving worlds
[23:09:26] [Server thread/INFO]: Saving chunks for level 'Mundo nuevo'/Overworld
[23:09:26] [Server thread/INFO]: Saving chunks for level 'Mundo nuevo'/Nether
[23:09:26] [Server thread/INFO]: Saving chunks for level 'Mundo nuevo'/The End
[23:09:27] [Client thread/INFO]: Stopping!
[23:09:27] [Client thread/INFO]: SoundSystem shutting down...
[23:09:27] [Client thread/WARN]: Author: Paul Lamb, www.paulscode.com
